                                      1 ;--------------------------------------------------------
                                      2 ; File Created by SDCC : free open source ANSI-C Compiler
                                      3 ; Version 4.1.6 #12539 (Mac OS X x86_64)
                                      4 ;--------------------------------------------------------
                                      5 	.module background_0
                                      6 	.optsdcc -mgbz80
                                      7 	
                                      8 ;--------------------------------------------------------
                                      9 ; Public variables in this module
                                     10 ;--------------------------------------------------------
                                     11 	.globl _background_0
                                     12 	.globl b___func_background_0
                                     13 	.globl ___func_background_0
                                     14 ;--------------------------------------------------------
                                     15 ; special function registers
                                     16 ;--------------------------------------------------------
                                     17 ;--------------------------------------------------------
                                     18 ; ram data
                                     19 ;--------------------------------------------------------
                                     20 	.area _DATA
                                     21 ;--------------------------------------------------------
                                     22 ; ram data
                                     23 ;--------------------------------------------------------
                                     24 	.area _INITIALIZED
                                     25 ;--------------------------------------------------------
                                     26 ; absolute external ram data
                                     27 ;--------------------------------------------------------
                                     28 	.area _DABS (ABS)
                                     29 ;--------------------------------------------------------
                                     30 ; global & static initialisations
                                     31 ;--------------------------------------------------------
                                     32 	.area _HOME
                                     33 	.area _GSINIT
                                     34 	.area _GSFINAL
                                     35 	.area _GSINIT
                                     36 ;--------------------------------------------------------
                                     37 ; Home
                                     38 ;--------------------------------------------------------
                                     39 	.area _HOME
                                     40 	.area _HOME
                                     41 ;--------------------------------------------------------
                                     42 ; code
                                     43 ;--------------------------------------------------------
                                     44 	.area _CODE_255
                                     45 ;data/src/data/background_0.c:9: BANKREF(background_0)
                                     46 ;	---------------------------------
                                     47 ; Function __func_background_0
                                     48 ; ---------------------------------
                           0000FF    49 	b___func_background_0	= 255
      000000                         50 ___func_background_0::
                                     51 	.local b___func_background_0 
                           0000FF    52 	___bank_background_0 = b___func_background_0 
                                     53 	.globl ___bank_background_0 
                                     54 	.area _CODE_255
      000000                         55 _background_0:
      000000 38                      56 	.db #0x38	; 56	'8'
      000001 38                      57 	.db #0x38	; 56	'8'
      000002r00                      58 	.byte ___bank_tileset_0
      000003r00r00                   59 	.dw _tileset_0
      000005 00                      60 	.db #0x00	; 0
      000006 00 00                   61 	.dw #0x0000
      000008r00                      62 	.byte ___bank_tilemap_0
      000009r00r00                   63 	.dw _tilemap_0
      00000B 00                      64 	.db #0x00	; 0
      00000C 00 00                   65 	.dw #0x0000
                                     66 	.area _INITIALIZER
                                     67 	.area _CABS (ABS)
