                                      1 ;--------------------------------------------------------
                                      2 ; File Created by SDCC : free open source ANSI-C Compiler
                                      3 ; Version 4.1.6 #12539 (Mac OS X x86_64)
                                      4 ;--------------------------------------------------------
                                      5 	.module frame_image
                                      6 	.optsdcc -mgbz80
                                      7 	
                                      8 ;--------------------------------------------------------
                                      9 ; Public variables in this module
                                     10 ;--------------------------------------------------------
                                     11 	.globl _frame_image
                                     12 	.globl b___func_frame_image
                                     13 	.globl ___func_frame_image
                                     14 ;--------------------------------------------------------
                                     15 ; special function registers
                                     16 ;--------------------------------------------------------
                                     17 ;--------------------------------------------------------
                                     18 ; ram data
                                     19 ;--------------------------------------------------------
                                     20 	.area _DATA
                                     21 ;--------------------------------------------------------
                                     22 ; ram data
                                     23 ;--------------------------------------------------------
                                     24 	.area _INITIALIZED
                                     25 ;--------------------------------------------------------
                                     26 ; absolute external ram data
                                     27 ;--------------------------------------------------------
                                     28 	.area _DABS (ABS)
                                     29 ;--------------------------------------------------------
                                     30 ; global & static initialisations
                                     31 ;--------------------------------------------------------
                                     32 	.area _HOME
                                     33 	.area _GSINIT
                                     34 	.area _GSFINAL
                                     35 	.area _GSINIT
                                     36 ;--------------------------------------------------------
                                     37 ; Home
                                     38 ;--------------------------------------------------------
                                     39 	.area _HOME
                                     40 	.area _HOME
                                     41 ;--------------------------------------------------------
                                     42 ; code
                                     43 ;--------------------------------------------------------
                                     44 	.area _CODE_255
                                     45 ;data/src/data/frame_image.c:7: BANKREF(frame_image)
                                     46 ;	---------------------------------
                                     47 ; Function __func_frame_image
                                     48 ; ---------------------------------
                           0000FF    49 	b___func_frame_image	= 255
      000000                         50 ___func_frame_image::
                                     51 	.local b___func_frame_image 
                           0000FF    52 	___bank_frame_image = b___func_frame_image 
                                     53 	.globl ___bank_frame_image 
                                     54 	.area _CODE_255
      000000                         55 _frame_image:
      000000 3F                      56 	.db #0x3f	; 63
      000001 00                      57 	.db #0x00	; 0
      000002 7F                      58 	.db #0x7f	; 127
      000003 3F                      59 	.db #0x3f	; 63
      000004 C0                      60 	.db #0xc0	; 192
      000005 40                      61 	.db #0x40	; 64
      000006 DF                      62 	.db #0xdf	; 223
      000007 5F                      63 	.db #0x5f	; 95
      000008 F0                      64 	.db #0xf0	; 240
      000009 50                      65 	.db #0x50	; 80	'P'
      00000A D0                      66 	.db #0xd0	; 208
      00000B 50                      67 	.db #0x50	; 80	'P'
      00000C F0                      68 	.db #0xf0	; 240
      00000D 50                      69 	.db #0x50	; 80	'P'
      00000E F0                      70 	.db #0xf0	; 240
      00000F 50                      71 	.db #0x50	; 80	'P'
      000010 FF                      72 	.db #0xff	; 255
      000011 00                      73 	.db #0x00	; 0
      000012 FF                      74 	.db #0xff	; 255
      000013 FF                      75 	.db #0xff	; 255
      000014 00                      76 	.db #0x00	; 0
      000015 00                      77 	.db #0x00	; 0
      000016 FF                      78 	.db #0xff	; 255
      000017 FF                      79 	.db #0xff	; 255
      000018 00                      80 	.db #0x00	; 0
      000019 00                      81 	.db #0x00	; 0
      00001A 00                      82 	.db #0x00	; 0
      00001B 00                      83 	.db #0x00	; 0
      00001C 00                      84 	.db #0x00	; 0
      00001D 00                      85 	.db #0x00	; 0
      00001E 00                      86 	.db #0x00	; 0
      00001F 00                      87 	.db #0x00	; 0
      000020 FC                      88 	.db #0xfc	; 252
      000021 00                      89 	.db #0x00	; 0
      000022 FE                      90 	.db #0xfe	; 254
      000023 FC                      91 	.db #0xfc	; 252
      000024 03                      92 	.db #0x03	; 3
      000025 02                      93 	.db #0x02	; 2
      000026 FB                      94 	.db #0xfb	; 251
      000027 FA                      95 	.db #0xfa	; 250
      000028 0F                      96 	.db #0x0f	; 15
      000029 0A                      97 	.db #0x0a	; 10
      00002A 0B                      98 	.db #0x0b	; 11
      00002B 0A                      99 	.db #0x0a	; 10
      00002C 0F                     100 	.db #0x0f	; 15
      00002D 0A                     101 	.db #0x0a	; 10
      00002E 0F                     102 	.db #0x0f	; 15
      00002F 0A                     103 	.db #0x0a	; 10
      000030 F0                     104 	.db #0xf0	; 240
      000031 50                     105 	.db #0x50	; 80	'P'
      000032 F0                     106 	.db #0xf0	; 240
      000033 50                     107 	.db #0x50	; 80	'P'
      000034 F0                     108 	.db #0xf0	; 240
      000035 50                     109 	.db #0x50	; 80	'P'
      000036 F0                     110 	.db #0xf0	; 240
      000037 50                     111 	.db #0x50	; 80	'P'
      000038 F0                     112 	.db #0xf0	; 240
      000039 50                     113 	.db #0x50	; 80	'P'
      00003A F0                     114 	.db #0xf0	; 240
      00003B 50                     115 	.db #0x50	; 80	'P'
      00003C F0                     116 	.db #0xf0	; 240
      00003D 50                     117 	.db #0x50	; 80	'P'
      00003E F0                     118 	.db #0xf0	; 240
      00003F 50                     119 	.db #0x50	; 80	'P'
      000040 00                     120 	.db #0x00	; 0
      000041 00                     121 	.db #0x00	; 0
      000042 00                     122 	.db #0x00	; 0
      000043 00                     123 	.db #0x00	; 0
      000044 00                     124 	.db #0x00	; 0
      000045 00                     125 	.db #0x00	; 0
      000046 00                     126 	.db #0x00	; 0
      000047 00                     127 	.db #0x00	; 0
      000048 00                     128 	.db #0x00	; 0
      000049 00                     129 	.db #0x00	; 0
      00004A 00                     130 	.db #0x00	; 0
      00004B 00                     131 	.db #0x00	; 0
      00004C 00                     132 	.db #0x00	; 0
      00004D 00                     133 	.db #0x00	; 0
      00004E 00                     134 	.db #0x00	; 0
      00004F 00                     135 	.db #0x00	; 0
      000050 0F                     136 	.db #0x0f	; 15
      000051 0A                     137 	.db #0x0a	; 10
      000052 0F                     138 	.db #0x0f	; 15
      000053 0A                     139 	.db #0x0a	; 10
      000054 0F                     140 	.db #0x0f	; 15
      000055 0A                     141 	.db #0x0a	; 10
      000056 0F                     142 	.db #0x0f	; 15
      000057 0A                     143 	.db #0x0a	; 10
      000058 0F                     144 	.db #0x0f	; 15
      000059 0A                     145 	.db #0x0a	; 10
      00005A 0F                     146 	.db #0x0f	; 15
      00005B 0A                     147 	.db #0x0a	; 10
      00005C 0F                     148 	.db #0x0f	; 15
      00005D 0A                     149 	.db #0x0a	; 10
      00005E 0F                     150 	.db #0x0f	; 15
      00005F 0A                     151 	.db #0x0a	; 10
      000060 D0                     152 	.db #0xd0	; 208
      000061 70                     153 	.db #0x70	; 112	'p'
      000062 F0                     154 	.db #0xf0	; 240
      000063 50                     155 	.db #0x50	; 80	'P'
      000064 D0                     156 	.db #0xd0	; 208
      000065 70                     157 	.db #0x70	; 112	'p'
      000066 F0                     158 	.db #0xf0	; 240
      000067 50                     159 	.db #0x50	; 80	'P'
      000068 DF                     160 	.db #0xdf	; 223
      000069 7F                     161 	.db #0x7f	; 127
      00006A C0                     162 	.db #0xc0	; 192
      00006B 7F                     163 	.db #0x7f	; 127
      00006C 7F                     164 	.db #0x7f	; 127
      00006D 3F                     165 	.db #0x3f	; 63
      00006E 3F                     166 	.db #0x3f	; 63
      00006F 00                     167 	.db #0x00	; 0
      000070 00                     168 	.db #0x00	; 0
      000071 00                     169 	.db #0x00	; 0
      000072 00                     170 	.db #0x00	; 0
      000073 00                     171 	.db #0x00	; 0
      000074 00                     172 	.db #0x00	; 0
      000075 00                     173 	.db #0x00	; 0
      000076 00                     174 	.db #0x00	; 0
      000077 00                     175 	.db #0x00	; 0
      000078 FF                     176 	.db #0xff	; 255
      000079 FF                     177 	.db #0xff	; 255
      00007A 00                     178 	.db #0x00	; 0
      00007B FF                     179 	.db #0xff	; 255
      00007C FF                     180 	.db #0xff	; 255
      00007D FF                     181 	.db #0xff	; 255
      00007E FF                     182 	.db #0xff	; 255
      00007F 00                     183 	.db #0x00	; 0
      000080 0B                     184 	.db #0x0b	; 11
      000081 0E                     185 	.db #0x0e	; 14
      000082 0F                     186 	.db #0x0f	; 15
      000083 0A                     187 	.db #0x0a	; 10
      000084 0B                     188 	.db #0x0b	; 11
      000085 0E                     189 	.db #0x0e	; 14
      000086 0F                     190 	.db #0x0f	; 15
      000087 0A                     191 	.db #0x0a	; 10
      000088 FB                     192 	.db #0xfb	; 251
      000089 FE                     193 	.db #0xfe	; 254
      00008A 03                     194 	.db #0x03	; 3
      00008B FE                     195 	.db #0xfe	; 254
      00008C FE                     196 	.db #0xfe	; 254
      00008D FC                     197 	.db #0xfc	; 252
      00008E FC                     198 	.db #0xfc	; 252
      00008F 00                     199 	.db #0x00	; 0
                                    200 	.area _INITIALIZER
                                    201 	.area _CABS (ABS)
