                                      1 ;--------------------------------------------------------
                                      2 ; File Created by SDCC : free open source ANSI-C Compiler
                                      3 ; Version 4.1.6 #12539 (Mac OS X x86_64)
                                      4 ;--------------------------------------------------------
                                      5 	.module palette_0
                                      6 	.optsdcc -mgbz80
                                      7 	
                                      8 ;--------------------------------------------------------
                                      9 ; Public variables in this module
                                     10 ;--------------------------------------------------------
                                     11 	.globl _palette_0
                                     12 	.globl b___func_palette_0
                                     13 	.globl ___func_palette_0
                                     14 ;--------------------------------------------------------
                                     15 ; special function registers
                                     16 ;--------------------------------------------------------
                                     17 ;--------------------------------------------------------
                                     18 ; ram data
                                     19 ;--------------------------------------------------------
                                     20 	.area _DATA
                                     21 ;--------------------------------------------------------
                                     22 ; ram data
                                     23 ;--------------------------------------------------------
                                     24 	.area _INITIALIZED
                                     25 ;--------------------------------------------------------
                                     26 ; absolute external ram data
                                     27 ;--------------------------------------------------------
                                     28 	.area _DABS (ABS)
                                     29 ;--------------------------------------------------------
                                     30 ; global & static initialisations
                                     31 ;--------------------------------------------------------
                                     32 	.area _HOME
                                     33 	.area _GSINIT
                                     34 	.area _GSFINAL
                                     35 	.area _GSINIT
                                     36 ;--------------------------------------------------------
                                     37 ; Home
                                     38 ;--------------------------------------------------------
                                     39 	.area _HOME
                                     40 	.area _HOME
                                     41 ;--------------------------------------------------------
                                     42 ; code
                                     43 ;--------------------------------------------------------
                                     44 	.area _CODE_255
                                     45 ;data/src/data/palette_0.c:7: BANKREF(palette_0)
                                     46 ;	---------------------------------
                                     47 ; Function __func_palette_0
                                     48 ; ---------------------------------
                           0000FF    49 	b___func_palette_0	= 255
      000000                         50 ___func_palette_0::
                                     51 	.local b___func_palette_0 
                           0000FF    52 	___bank_palette_0 = b___func_palette_0 
                                     53 	.globl ___bank_palette_0 
                                     54 	.area _CODE_255
      000000                         55 _palette_0:
      000000 FF                      56 	.db #0xff	; 255
      000001 E4                      57 	.db #0xe4	; 228
      000002 00                      58 	.db 0x00
                                     59 	.area _INITIALIZER
                                     60 	.area _CABS (ABS)
