                                      1 ;--------------------------------------------------------
                                      2 ; File Created by SDCC : free open source ANSI-C Compiler
                                      3 ; Version 4.1.6 #12539 (Mac OS X x86_64)
                                      4 ;--------------------------------------------------------
                                      5 	.module scene_0_sprites
                                      6 	.optsdcc -mgbz80
                                      7 	
                                      8 ;--------------------------------------------------------
                                      9 ; Public variables in this module
                                     10 ;--------------------------------------------------------
                                     11 	.globl _scene_0_sprites
                                     12 	.globl b___func_scene_0_sprites
                                     13 	.globl ___func_scene_0_sprites
                                     14 ;--------------------------------------------------------
                                     15 ; special function registers
                                     16 ;--------------------------------------------------------
                                     17 ;--------------------------------------------------------
                                     18 ; ram data
                                     19 ;--------------------------------------------------------
                                     20 	.area _DATA
                                     21 ;--------------------------------------------------------
                                     22 ; ram data
                                     23 ;--------------------------------------------------------
                                     24 	.area _INITIALIZED
                                     25 ;--------------------------------------------------------
                                     26 ; absolute external ram data
                                     27 ;--------------------------------------------------------
                                     28 	.area _DABS (ABS)
                                     29 ;--------------------------------------------------------
                                     30 ; global & static initialisations
                                     31 ;--------------------------------------------------------
                                     32 	.area _HOME
                                     33 	.area _GSINIT
                                     34 	.area _GSFINAL
                                     35 	.area _GSINIT
                                     36 ;--------------------------------------------------------
                                     37 ; Home
                                     38 ;--------------------------------------------------------
                                     39 	.area _HOME
                                     40 	.area _HOME
                                     41 ;--------------------------------------------------------
                                     42 ; code
                                     43 ;--------------------------------------------------------
                                     44 	.area _CODE_255
                                     45 ;data/src/data/scene_0_sprites.c:10: BANKREF(scene_0_sprites)
                                     46 ;	---------------------------------
                                     47 ; Function __func_scene_0_sprites
                                     48 ; ---------------------------------
                           0000FF    49 	b___func_scene_0_sprites	= 255
      000000                         50 ___func_scene_0_sprites::
                                     51 	.local b___func_scene_0_sprites 
                           0000FF    52 	___bank_scene_0_sprites = b___func_scene_0_sprites 
                                     53 	.globl ___bank_scene_0_sprites 
                                     54 	.area _CODE_255
      000000                         55 _scene_0_sprites:
      000000r00                      56 	.byte ___bank_spritesheet_1
      000001r00r00                   57 	.dw _spritesheet_1
      000003r00                      58 	.byte ___bank_spritesheet_2
      000004r00r00                   59 	.dw _spritesheet_2
                                     60 	.area _INITIALIZER
                                     61 	.area _CABS (ABS)
