                                      1 ;--------------------------------------------------------
                                      2 ; File Created by SDCC : free open source ANSI-C Compiler
                                      3 ; Version 4.1.6 #12539 (Mac OS X x86_64)
                                      4 ;--------------------------------------------------------
                                      5 	.module scene_0_actors
                                      6 	.optsdcc -mgbz80
                                      7 	
                                      8 ;--------------------------------------------------------
                                      9 ; Public variables in this module
                                     10 ;--------------------------------------------------------
                                     11 	.globl _scene_0_actors
                                     12 	.globl b___func_scene_0_actors
                                     13 	.globl ___func_scene_0_actors
                                     14 ;--------------------------------------------------------
                                     15 ; special function registers
                                     16 ;--------------------------------------------------------
                                     17 ;--------------------------------------------------------
                                     18 ; ram data
                                     19 ;--------------------------------------------------------
                                     20 	.area _DATA
                                     21 ;--------------------------------------------------------
                                     22 ; ram data
                                     23 ;--------------------------------------------------------
                                     24 	.area _INITIALIZED
                                     25 ;--------------------------------------------------------
                                     26 ; absolute external ram data
                                     27 ;--------------------------------------------------------
                                     28 	.area _DABS (ABS)
                                     29 ;--------------------------------------------------------
                                     30 ; global & static initialisations
                                     31 ;--------------------------------------------------------
                                     32 	.area _HOME
                                     33 	.area _GSINIT
                                     34 	.area _GSFINAL
                                     35 	.area _GSINIT
                                     36 ;--------------------------------------------------------
                                     37 ; Home
                                     38 ;--------------------------------------------------------
                                     39 	.area _HOME
                                     40 	.area _HOME
                                     41 ;--------------------------------------------------------
                                     42 ; code
                                     43 ;--------------------------------------------------------
                                     44 	.area _CODE_255
                                     45 ;data/src/data/scene_0_actors.c:14: BANKREF(scene_0_actors)
                                     46 ;	---------------------------------
                                     47 ; Function __func_scene_0_actors
                                     48 ; ---------------------------------
                           0000FF    49 	b___func_scene_0_actors	= 255
      000000                         50 ___func_scene_0_actors::
                                     51 	.local b___func_scene_0_actors 
                           0000FF    52 	___bank_scene_0_actors = b___func_scene_0_actors 
                                     53 	.globl ___bank_scene_0_actors 
                                     54 	.area _CODE_255
      000000                         55 _scene_0_actors:
      000000 20                      56 	.db 0x20
      000001 80 0E                   57 	.dw #0x0e80
      000003 00 09                   58 	.dw #0x0900
      000005 00                      59 	.db #0x00	; 0
      000006 00                      60 	.db #0x00	;  0
      000007 0F                      61 	.db #0x0f	;  15
      000008 F8                      62 	.db #0xf8	; -8
      000009 07                      63 	.db #0x07	;  7
      00000A 00                      64 	.db #0x00	; 0
      00000B 00                      65 	.db #0x00	; 0
      00000C 00                      66 	.db #0x00	; 0
      00000D 00                      67 	.db #0x00	; 0
      00000E 0F                      68 	.db #0x0f	; 15
      00000F 10                      69 	.db #0x10	; 16
      000010 00                      70 	.db #0x00	; 0
      000011 00                      71 	.db #0x00	; 0
      000012 00                      72 	.db 0x00
      000013 00                      73 	.db 0x00
      000014 00                      74 	.db 0x00
      000015 00                      75 	.db 0x00
      000016 00                      76 	.db 0x00
      000017 00                      77 	.db 0x00
      000018 00                      78 	.db 0x00
      000019 00                      79 	.db 0x00
      00001A 00                      80 	.db 0x00
      00001B 00                      81 	.db 0x00
      00001C 00                      82 	.db 0x00
      00001D 00                      83 	.db 0x00
      00001E 00                      84 	.db 0x00
      00001F 00                      85 	.db 0x00
      000020 00                      86 	.db 0x00
      000021 00                      87 	.db 0x00
      000022r00                      88 	.byte ___bank_spritesheet_1
      000023r00r00                   89 	.dw _spritesheet_1
      000025 00                      90 	.byte #0x00
      000026 00 00                   91 	.dw #0x0000
      000028r00                      92 	.byte ___bank_script_s0a0_update
      000029r00r00                   93 	.dw _script_s0a0_update
      00002B 00 00                   94 	.dw #0x0000
      00002D 02                      95 	.db #0x02	; 2
      00002E 00 00                   96 	.dw #0x0000
      000030 00 00                   97 	.dw #0x0000
      000032 20                      98 	.db 0x20
      000033 00 0C                   99 	.dw #0x0c00
      000035 80 0A                  100 	.dw #0x0a80
      000037 00                     101 	.db #0x00	; 0
      000038 00                     102 	.db #0x00	;  0
      000039 0F                     103 	.db #0x0f	;  15
      00003A F8                     104 	.db #0xf8	; -8
      00003B 07                     105 	.db #0x07	;  7
      00003C 00                     106 	.db #0x00	; 0
      00003D 00                     107 	.db #0x00	; 0
      00003E 00                     108 	.db #0x00	; 0
      00003F 00                     109 	.db #0x00	; 0
      000040 0F                     110 	.db #0x0f	; 15
      000041 10                     111 	.db #0x10	; 16
      000042 00                     112 	.db #0x00	; 0
      000043 00                     113 	.db #0x00	; 0
      000044 00                     114 	.db 0x00
      000045 00                     115 	.db 0x00
      000046 00                     116 	.db 0x00
      000047 00                     117 	.db 0x00
      000048 00                     118 	.db 0x00
      000049 00                     119 	.db 0x00
      00004A 00                     120 	.db 0x00
      00004B 00                     121 	.db 0x00
      00004C 00                     122 	.db 0x00
      00004D 00                     123 	.db 0x00
      00004E 00                     124 	.db 0x00
      00004F 00                     125 	.db 0x00
      000050 00                     126 	.db 0x00
      000051 00                     127 	.db 0x00
      000052 00                     128 	.db 0x00
      000053 00                     129 	.db 0x00
      000054r00                     130 	.byte ___bank_spritesheet_2
      000055r00r00                  131 	.dw _spritesheet_2
      000057r00                     132 	.byte ___bank_script_s0a1_interact
      000058r00r00                  133 	.dw _script_s0a1_interact
      00005A 00                     134 	.byte #0x00
      00005B 00 00                  135 	.dw #0x0000
      00005D 00 00                  136 	.dw #0x0000
      00005F 00                     137 	.db #0x00	; 0
      000060 00 00                  138 	.dw #0x0000
      000062 00 00                  139 	.dw #0x0000
      000064 20                     140 	.db 0x20
      000065 00 0F                  141 	.dw #0x0f00
      000067 80 0A                  142 	.dw #0x0a80
      000069 00                     143 	.db #0x00	; 0
      00006A 00                     144 	.db #0x00	;  0
      00006B 0F                     145 	.db #0x0f	;  15
      00006C F8                     146 	.db #0xf8	; -8
      00006D 07                     147 	.db #0x07	;  7
      00006E 00                     148 	.db #0x00	; 0
      00006F 00                     149 	.db #0x00	; 0
      000070 00                     150 	.db #0x00	; 0
      000071 00                     151 	.db #0x00	; 0
      000072 0F                     152 	.db #0x0f	; 15
      000073 10                     153 	.db #0x10	; 16
      000074 00                     154 	.db #0x00	; 0
      000075 00                     155 	.db #0x00	; 0
      000076 00                     156 	.db 0x00
      000077 00                     157 	.db 0x00
      000078 00                     158 	.db 0x00
      000079 00                     159 	.db 0x00
      00007A 00                     160 	.db 0x00
      00007B 00                     161 	.db 0x00
      00007C 00                     162 	.db 0x00
      00007D 00                     163 	.db 0x00
      00007E 00                     164 	.db 0x00
      00007F 00                     165 	.db 0x00
      000080 00                     166 	.db 0x00
      000081 00                     167 	.db 0x00
      000082 00                     168 	.db 0x00
      000083 00                     169 	.db 0x00
      000084 00                     170 	.db 0x00
      000085 00                     171 	.db 0x00
      000086r00                     172 	.byte ___bank_spritesheet_2
      000087r00r00                  173 	.dw _spritesheet_2
      000089r00                     174 	.byte ___bank_script_s0a2_interact
      00008Ar00r00                  175 	.dw _script_s0a2_interact
      00008C 00                     176 	.byte #0x00
      00008D 00 00                  177 	.dw #0x0000
      00008F 00 00                  178 	.dw #0x0000
      000091 00                     179 	.db #0x00	; 0
      000092 00 00                  180 	.dw #0x0000
      000094 00 00                  181 	.dw #0x0000
                                    182 	.area _INITIALIZER
                                    183 	.area _CABS (ABS)
