                                      1 ;--------------------------------------------------------
                                      2 ; File Created by SDCC : free open source ANSI-C Compiler
                                      3 ; Version 4.1.6 #12539 (Mac OS X x86_64)
                                      4 ;--------------------------------------------------------
                                      5 	.module scene_0
                                      6 	.optsdcc -mgbz80
                                      7 	
                                      8 ;--------------------------------------------------------
                                      9 ; Public variables in this module
                                     10 ;--------------------------------------------------------
                                     11 	.globl _scene_0
                                     12 	.globl b___func_scene_0
                                     13 	.globl ___func_scene_0
                                     14 ;--------------------------------------------------------
                                     15 ; special function registers
                                     16 ;--------------------------------------------------------
                                     17 ;--------------------------------------------------------
                                     18 ; ram data
                                     19 ;--------------------------------------------------------
                                     20 	.area _DATA
                                     21 ;--------------------------------------------------------
                                     22 ; ram data
                                     23 ;--------------------------------------------------------
                                     24 	.area _INITIALIZED
                                     25 ;--------------------------------------------------------
                                     26 ; absolute external ram data
                                     27 ;--------------------------------------------------------
                                     28 	.area _DABS (ABS)
                                     29 ;--------------------------------------------------------
                                     30 ; global & static initialisations
                                     31 ;--------------------------------------------------------
                                     32 	.area _HOME
                                     33 	.area _GSINIT
                                     34 	.area _GSFINAL
                                     35 	.area _GSINIT
                                     36 ;--------------------------------------------------------
                                     37 ; Home
                                     38 ;--------------------------------------------------------
                                     39 	.area _HOME
                                     40 	.area _HOME
                                     41 ;--------------------------------------------------------
                                     42 ; code
                                     43 ;--------------------------------------------------------
                                     44 	.area _CODE_255
                                     45 ;data/src/data/scene_0.c:15: BANKREF(scene_0)
                                     46 ;	---------------------------------
                                     47 ; Function __func_scene_0
                                     48 ; ---------------------------------
                           0000FF    49 	b___func_scene_0	= 255
      000000                         50 ___func_scene_0::
                                     51 	.local b___func_scene_0 
                           0000FF    52 	___bank_scene_0 = b___func_scene_0 
                                     53 	.globl ___bank_scene_0 
                                     54 	.area _CODE_255
      000000                         55 _scene_0:
      000000 38                      56 	.db #0x38	; 56	'8'
      000001 38                      57 	.db #0x38	; 56	'8'
      000002 00                      58 	.db #0x00	; 0
      000003 03                      59 	.db #0x03	; 3
      000004 00                      60 	.db #0x00	; 0
      000005 00                      61 	.db #0x00	; 0
      000006 02                      62 	.db #0x02	; 2
      000007 00                      63 	.db #0x00	; 0
      000008r00                      64 	.byte ___bank_spritesheet_0
      000009r00r00                   65 	.dw _spritesheet_0
      00000Br00                      66 	.byte ___bank_background_0
      00000Cr00r00                   67 	.dw _background_0
      00000Er00                      68 	.byte ___bank_scene_0_collisions
      00000Fr00r00                   69 	.dw _scene_0_collisions
      000011r00                      70 	.byte ___bank_palette_0
      000012r00r00                   71 	.dw _palette_0
      000014r00                      72 	.byte ___bank_palette_1
      000015r00r00                   73 	.dw _palette_1
      000017r00                      74 	.byte ___bank_script_s0_init
      000018r00r00                   75 	.dw _script_s0_init
      00001A 00                      76 	.byte #0x00
      00001B 00 00                   77 	.dw #0x0000
      00001Dr00                      78 	.byte ___bank_scene_0_sprites
      00001Er00r00                   79 	.dw _scene_0_sprites
      000020r00                      80 	.byte ___bank_scene_0_actors
      000021r00r00                   81 	.dw _scene_0_actors
      000023 00                      82 	.byte #0x00
      000024 00 00                   83 	.dw #0x0000
      000026 00                      84 	.byte #0x00
      000027 00 00                   85 	.dw #0x0000
      000029 00                      86 	.db #0x00	; 0
      00002A 00                      87 	.db #0x00	; 0
      00002B 00                      88 	.db #0x00	;  0
      00002C 00                      89 	.db #0x00	; 0
      00002D 14                      90 	.db #0x14	; 20
      00002E 00                      91 	.db #0x00	; 0
      00002F 00                      92 	.db 0x00
      000030 00                      93 	.db 0x00
      000031 00                      94 	.db 0x00
      000032 00                      95 	.db 0x00
      000033 00                      96 	.db 0x00
      000034 00                      97 	.db 0x00
      000035 00                      98 	.db 0x00
      000036 00                      99 	.db 0x00
      000037 00                     100 	.db 0x00
      000038 00                     101 	.db 0x00
      000039 00                     102 	.db 0x00
      00003A 00                     103 	.db 0x00
                                    104 	.area _INITIALIZER
                                    105 	.area _CABS (ABS)
