                                      1 ;--------------------------------------------------------
                                      2 ; File Created by SDCC : free open source ANSI-C Compiler
                                      3 ; Version 4.1.6 #12539 (Mac OS X x86_64)
                                      4 ;--------------------------------------------------------
                                      5 	.module spritesheet_2
                                      6 	.optsdcc -mgbz80
                                      7 	
                                      8 ;--------------------------------------------------------
                                      9 ; Public variables in this module
                                     10 ;--------------------------------------------------------
                                     11 	.globl _spritesheet_2
                                     12 	.globl _spritesheet_2_animations_lookup
                                     13 	.globl _spritesheet_2_animations
                                     14 	.globl _spritesheet_2_metasprites
                                     15 	.globl _spritesheet_2_metasprite_0
                                     16 	.globl b___func_spritesheet_2
                                     17 	.globl ___func_spritesheet_2
                                     18 ;--------------------------------------------------------
                                     19 ; special function registers
                                     20 ;--------------------------------------------------------
                                     21 ;--------------------------------------------------------
                                     22 ; ram data
                                     23 ;--------------------------------------------------------
                                     24 	.area _DATA
                                     25 ;--------------------------------------------------------
                                     26 ; ram data
                                     27 ;--------------------------------------------------------
                                     28 	.area _INITIALIZED
                                     29 ;--------------------------------------------------------
                                     30 ; absolute external ram data
                                     31 ;--------------------------------------------------------
                                     32 	.area _DABS (ABS)
                                     33 ;--------------------------------------------------------
                                     34 ; global & static initialisations
                                     35 ;--------------------------------------------------------
                                     36 	.area _HOME
                                     37 	.area _GSINIT
                                     38 	.area _GSFINAL
                                     39 	.area _GSINIT
                                     40 ;--------------------------------------------------------
                                     41 ; Home
                                     42 ;--------------------------------------------------------
                                     43 	.area _HOME
                                     44 	.area _HOME
                                     45 ;--------------------------------------------------------
                                     46 ; code
                                     47 ;--------------------------------------------------------
                                     48 	.area _CODE_255
                                     49 ;data/src/data/spritesheet_2.c:7: BANKREF(spritesheet_2)
                                     50 ;	---------------------------------
                                     51 ; Function __func_spritesheet_2
                                     52 ; ---------------------------------
                           0000FF    53 	b___func_spritesheet_2	= 255
      000000                         54 ___func_spritesheet_2::
                                     55 	.local b___func_spritesheet_2 
                           0000FF    56 	___bank_spritesheet_2 = b___func_spritesheet_2 
                                     57 	.globl ___bank_spritesheet_2 
                                     58 	.area _CODE_255
      000000                         59 _spritesheet_2_metasprite_0:
      000000 00                      60 	.db #0x00	;  0
      000001 08                      61 	.db #0x08	;  8
      000002 00                      62 	.db #0x00	; 0
      000003 00                      63 	.db #0x00	; 0
      000004 00                      64 	.db #0x00	;  0
      000005 F8                      65 	.db #0xf8	; -8
      000006 02                      66 	.db #0x02	; 2
      000007 00                      67 	.db #0x00	; 0
      000008 80                      68 	.db #0x80	; -128
      000009 00                      69 	.db #0x00	;  0
      00000A 00                      70 	.db #0x00	; 0
      00000B 00                      71 	.db #0x00	; 0
      00000C                         72 _spritesheet_2_metasprites:
      00000Cr00r00                   73 	.dw _spritesheet_2_metasprite_0
      00000E                         74 _spritesheet_2_animations:
      00000E 00                      75 	.db #0x00	; 0
      00000F 00                      76 	.db #0x00	; 0
      000010 00                      77 	.db #0x00	; 0
      000011 00                      78 	.db #0x00	; 0
      000012 00                      79 	.db #0x00	; 0
      000013 00                      80 	.db #0x00	; 0
      000014 00                      81 	.db #0x00	; 0
      000015 00                      82 	.db #0x00	; 0
      000016 00                      83 	.db #0x00	; 0
      000017 00                      84 	.db #0x00	; 0
      000018 00                      85 	.db #0x00	; 0
      000019 00                      86 	.db #0x00	; 0
      00001A 00                      87 	.db #0x00	; 0
      00001B 00                      88 	.db #0x00	; 0
      00001C 00                      89 	.db #0x00	; 0
      00001D 00                      90 	.db #0x00	; 0
      00001E                         91 _spritesheet_2_animations_lookup:
      00001E 00 00                   92 	.dw #0x0000
      000020                         93 _spritesheet_2:
      000020 01                      94 	.db #0x01	; 1
      000021 00                      95 	.db #0x00	;  0
      000022 F0                      96 	.db #0xf0	; -16
      000023r0Cr00                   97 	.dw _spritesheet_2_metasprites
      000025r0Er00                   98 	.dw _spritesheet_2_animations
      000027r1Er00                   99 	.dw _spritesheet_2_animations_lookup
      000029 00                     100 	.db #0x00	;  0
      00002A 0F                     101 	.db #0x0f	;  15
      00002B F8                     102 	.db #0xf8	; -8
      00002C 07                     103 	.db #0x07	;  7
      00002Dr00                     104 	.byte ___bank_tileset_3
      00002Er00r00                  105 	.dw _tileset_3
      000030 00                     106 	.db #0x00	; 0
      000031 00 00                  107 	.dw #0x0000
                                    108 	.area _INITIALIZER
                                    109 	.area _CABS (ABS)
