                                      1 ;--------------------------------------------------------
                                      2 ; File Created by SDCC : free open source ANSI-C Compiler
                                      3 ; Version 4.1.6 #12539 (Mac OS X x86_64)
                                      4 ;--------------------------------------------------------
                                      5 	.module spritesheet_0
                                      6 	.optsdcc -mgbz80
                                      7 	
                                      8 ;--------------------------------------------------------
                                      9 ; Public variables in this module
                                     10 ;--------------------------------------------------------
                                     11 	.globl _spritesheet_0
                                     12 	.globl _spritesheet_0_animations_lookup
                                     13 	.globl _spritesheet_0_animations
                                     14 	.globl _spritesheet_0_metasprites
                                     15 	.globl _spritesheet_0_metasprite_7
                                     16 	.globl _spritesheet_0_metasprite_6
                                     17 	.globl _spritesheet_0_metasprite_5
                                     18 	.globl _spritesheet_0_metasprite_4
                                     19 	.globl _spritesheet_0_metasprite_3
                                     20 	.globl _spritesheet_0_metasprite_2
                                     21 	.globl _spritesheet_0_metasprite_1
                                     22 	.globl _spritesheet_0_metasprite_0
                                     23 	.globl b___func_spritesheet_0
                                     24 	.globl ___func_spritesheet_0
                                     25 ;--------------------------------------------------------
                                     26 ; special function registers
                                     27 ;--------------------------------------------------------
                                     28 ;--------------------------------------------------------
                                     29 ; ram data
                                     30 ;--------------------------------------------------------
                                     31 	.area _DATA
                                     32 ;--------------------------------------------------------
                                     33 ; ram data
                                     34 ;--------------------------------------------------------
                                     35 	.area _INITIALIZED
                                     36 ;--------------------------------------------------------
                                     37 ; absolute external ram data
                                     38 ;--------------------------------------------------------
                                     39 	.area _DABS (ABS)
                                     40 ;--------------------------------------------------------
                                     41 ; global & static initialisations
                                     42 ;--------------------------------------------------------
                                     43 	.area _HOME
                                     44 	.area _GSINIT
                                     45 	.area _GSFINAL
                                     46 	.area _GSINIT
                                     47 ;--------------------------------------------------------
                                     48 ; Home
                                     49 ;--------------------------------------------------------
                                     50 	.area _HOME
                                     51 	.area _HOME
                                     52 ;--------------------------------------------------------
                                     53 ; code
                                     54 ;--------------------------------------------------------
                                     55 	.area _CODE_255
                                     56 ;data/src/data/spritesheet_0.c:7: BANKREF(spritesheet_0)
                                     57 ;	---------------------------------
                                     58 ; Function __func_spritesheet_0
                                     59 ; ---------------------------------
                           0000FF    60 	b___func_spritesheet_0	= 255
      000000                         61 ___func_spritesheet_0::
                                     62 	.local b___func_spritesheet_0 
                           0000FF    63 	___bank_spritesheet_0 = b___func_spritesheet_0 
                                     64 	.globl ___bank_spritesheet_0 
                                     65 	.area _CODE_255
      000000                         66 _spritesheet_0_metasprite_0:
      000000 00                      67 	.db #0x00	;  0
      000001 08                      68 	.db #0x08	;  8
      000002 06                      69 	.db #0x06	; 6
      000003 00                      70 	.db #0x00	; 0
      000004 00                      71 	.db #0x00	;  0
      000005 F8                      72 	.db #0xf8	; -8
      000006 08                      73 	.db #0x08	; 8
      000007 00                      74 	.db #0x00	; 0
      000008 80                      75 	.db #0x80	; -128
      000009 00                      76 	.db #0x00	;  0
      00000A 00                      77 	.db #0x00	; 0
      00000B 00                      78 	.db #0x00	; 0
      00000C                         79 _spritesheet_0_metasprite_1:
      00000C 00                      80 	.db #0x00	;  0
      00000D 08                      81 	.db #0x08	;  8
      00000E 00                      82 	.db #0x00	; 0
      00000F 00                      83 	.db #0x00	; 0
      000010 00                      84 	.db #0x00	;  0
      000011 F8                      85 	.db #0xf8	; -8
      000012 02                      86 	.db #0x02	; 2
      000013 00                      87 	.db #0x00	; 0
      000014 80                      88 	.db #0x80	; -128
      000015 00                      89 	.db #0x00	;  0
      000016 00                      90 	.db #0x00	; 0
      000017 00                      91 	.db #0x00	; 0
      000018                         92 _spritesheet_0_metasprite_2:
      000018 00                      93 	.db #0x00	;  0
      000019 08                      94 	.db #0x08	;  8
      00001A 04                      95 	.db #0x04	; 4
      00001B 00                      96 	.db #0x00	; 0
      00001C 00                      97 	.db #0x00	;  0
      00001D F8                      98 	.db #0xf8	; -8
      00001E 04                      99 	.db #0x04	; 4
      00001F 20                     100 	.db #0x20	; 32
      000020 80                     101 	.db #0x80	; -128
      000021 00                     102 	.db #0x00	;  0
      000022 00                     103 	.db #0x00	; 0
      000023 00                     104 	.db #0x00	; 0
      000024                        105 _spritesheet_0_metasprite_3:
      000024 00                     106 	.db #0x00	;  0
      000025 00                     107 	.db #0x00	;  0
      000026 00                     108 	.db #0x00	; 0
      000027 20                     109 	.db #0x20	; 32
      000028 00                     110 	.db #0x00	;  0
      000029 08                     111 	.db #0x08	;  8
      00002A 02                     112 	.db #0x02	; 2
      00002B 20                     113 	.db #0x20	; 32
      00002C 80                     114 	.db #0x80	; -128
      00002D 00                     115 	.db #0x00	;  0
      00002E 00                     116 	.db #0x00	; 0
      00002F 00                     117 	.db #0x00	; 0
      000030                        118 _spritesheet_0_metasprite_4:
      000030 00                     119 	.db #0x00	;  0
      000031 08                     120 	.db #0x08	;  8
      000032 10                     121 	.db #0x10	; 16
      000033 00                     122 	.db #0x00	; 0
      000034 00                     123 	.db #0x00	;  0
      000035 F8                     124 	.db #0xf8	; -8
      000036 12                     125 	.db #0x12	; 18
      000037 00                     126 	.db #0x00	; 0
      000038 80                     127 	.db #0x80	; -128
      000039 00                     128 	.db #0x00	;  0
      00003A 00                     129 	.db #0x00	; 0
      00003B 00                     130 	.db #0x00	; 0
      00003C                        131 _spritesheet_0_metasprite_5:
      00003C 00                     132 	.db #0x00	;  0
      00003D 08                     133 	.db #0x08	;  8
      00003E 0A                     134 	.db #0x0a	; 10
      00003F 00                     135 	.db #0x00	; 0
      000040 00                     136 	.db #0x00	;  0
      000041 F8                     137 	.db #0xf8	; -8
      000042 0C                     138 	.db #0x0c	; 12
      000043 00                     139 	.db #0x00	; 0
      000044 80                     140 	.db #0x80	; -128
      000045 00                     141 	.db #0x00	;  0
      000046 00                     142 	.db #0x00	; 0
      000047 00                     143 	.db #0x00	; 0
      000048                        144 _spritesheet_0_metasprite_6:
      000048 00                     145 	.db #0x00	;  0
      000049 08                     146 	.db #0x08	;  8
      00004A 0E                     147 	.db #0x0e	; 14
      00004B 00                     148 	.db #0x00	; 0
      00004C 00                     149 	.db #0x00	;  0
      00004D F8                     150 	.db #0xf8	; -8
      00004E 0E                     151 	.db #0x0e	; 14
      00004F 20                     152 	.db #0x20	; 32
      000050 80                     153 	.db #0x80	; -128
      000051 00                     154 	.db #0x00	;  0
      000052 00                     155 	.db #0x00	; 0
      000053 00                     156 	.db #0x00	; 0
      000054                        157 _spritesheet_0_metasprite_7:
      000054 00                     158 	.db #0x00	;  0
      000055 00                     159 	.db #0x00	;  0
      000056 0A                     160 	.db #0x0a	; 10
      000057 20                     161 	.db #0x20	; 32
      000058 00                     162 	.db #0x00	;  0
      000059 08                     163 	.db #0x08	;  8
      00005A 0C                     164 	.db #0x0c	; 12
      00005B 20                     165 	.db #0x20	; 32
      00005C 80                     166 	.db #0x80	; -128
      00005D 00                     167 	.db #0x00	;  0
      00005E 00                     168 	.db #0x00	; 0
      00005F 00                     169 	.db #0x00	; 0
      000060                        170 _spritesheet_0_metasprites:
      000060r00r00                  171 	.dw _spritesheet_0_metasprite_0
      000062r0Cr00                  172 	.dw _spritesheet_0_metasprite_1
      000064r18r00                  173 	.dw _spritesheet_0_metasprite_2
      000066r24r00                  174 	.dw _spritesheet_0_metasprite_3
      000068r30r00                  175 	.dw _spritesheet_0_metasprite_4
      00006Ar00r00                  176 	.dw _spritesheet_0_metasprite_0
      00006Cr3Cr00                  177 	.dw _spritesheet_0_metasprite_5
      00006Er0Cr00                  178 	.dw _spritesheet_0_metasprite_1
      000070r48r00                  179 	.dw _spritesheet_0_metasprite_6
      000072r18r00                  180 	.dw _spritesheet_0_metasprite_2
      000074r54r00                  181 	.dw _spritesheet_0_metasprite_7
      000076r24r00                  182 	.dw _spritesheet_0_metasprite_3
      000078                        183 _spritesheet_0_animations:
      000078 00                     184 	.db #0x00	; 0
      000079 00                     185 	.db #0x00	; 0
      00007A 01                     186 	.db #0x01	; 1
      00007B 01                     187 	.db #0x01	; 1
      00007C 02                     188 	.db #0x02	; 2
      00007D 02                     189 	.db #0x02	; 2
      00007E 03                     190 	.db #0x03	; 3
      00007F 03                     191 	.db #0x03	; 3
      000080 04                     192 	.db #0x04	; 4
      000081 05                     193 	.db #0x05	; 5
      000082 06                     194 	.db #0x06	; 6
      000083 07                     195 	.db #0x07	; 7
      000084 08                     196 	.db #0x08	; 8
      000085 09                     197 	.db #0x09	; 9
      000086 0A                     198 	.db #0x0a	; 10
      000087 0B                     199 	.db #0x0b	; 11
      000088                        200 _spritesheet_0_animations_lookup:
      000088 00 00                  201 	.dw #0x0000
      00008A                        202 _spritesheet_0:
      00008A 0C                     203 	.db #0x0c	; 12
      00008B 00                     204 	.db #0x00	;  0
      00008C F0                     205 	.db #0xf0	; -16
      00008Dr60r00                  206 	.dw _spritesheet_0_metasprites
      00008Fr78r00                  207 	.dw _spritesheet_0_animations
      000091r88r00                  208 	.dw _spritesheet_0_animations_lookup
      000093 00                     209 	.db #0x00	;  0
      000094 0F                     210 	.db #0x0f	;  15
      000095 00                     211 	.db #0x00	;  0
      000096 07                     212 	.db #0x07	;  7
      000097r00                     213 	.byte ___bank_tileset_1
      000098r00r00                  214 	.dw _tileset_1
      00009A 00                     215 	.db #0x00	; 0
      00009B 00 00                  216 	.dw #0x0000
                                    217 	.area _INITIALIZER
                                    218 	.area _CABS (ABS)
