                                      1 ;--------------------------------------------------------
                                      2 ; File Created by SDCC : free open source ANSI-C Compiler
                                      3 ; Version 4.1.6 #12539 (Mac OS X x86_64)
                                      4 ;--------------------------------------------------------
                                      5 	.module tileset_3
                                      6 	.optsdcc -mgbz80
                                      7 	
                                      8 ;--------------------------------------------------------
                                      9 ; Public variables in this module
                                     10 ;--------------------------------------------------------
                                     11 	.globl _tileset_3
                                     12 	.globl b___func_tileset_3
                                     13 	.globl ___func_tileset_3
                                     14 ;--------------------------------------------------------
                                     15 ; special function registers
                                     16 ;--------------------------------------------------------
                                     17 ;--------------------------------------------------------
                                     18 ; ram data
                                     19 ;--------------------------------------------------------
                                     20 	.area _DATA
                                     21 ;--------------------------------------------------------
                                     22 ; ram data
                                     23 ;--------------------------------------------------------
                                     24 	.area _INITIALIZED
                                     25 ;--------------------------------------------------------
                                     26 ; absolute external ram data
                                     27 ;--------------------------------------------------------
                                     28 	.area _DABS (ABS)
                                     29 ;--------------------------------------------------------
                                     30 ; global & static initialisations
                                     31 ;--------------------------------------------------------
                                     32 	.area _HOME
                                     33 	.area _GSINIT
                                     34 	.area _GSFINAL
                                     35 	.area _GSINIT
                                     36 ;--------------------------------------------------------
                                     37 ; Home
                                     38 ;--------------------------------------------------------
                                     39 	.area _HOME
                                     40 	.area _HOME
                                     41 ;--------------------------------------------------------
                                     42 ; code
                                     43 ;--------------------------------------------------------
                                     44 	.area _CODE_255
                                     45 ;data/src/data/tileset_3.c:7: BANKREF(tileset_3)
                                     46 ;	---------------------------------
                                     47 ; Function __func_tileset_3
                                     48 ; ---------------------------------
                           0000FF    49 	b___func_tileset_3	= 255
      000000                         50 ___func_tileset_3::
                                     51 	.local b___func_tileset_3 
                           0000FF    52 	___bank_tileset_3 = b___func_tileset_3 
                                     53 	.globl ___bank_tileset_3 
                                     54 	.area _CODE_255
      000000                         55 _tileset_3:
      000000 04 00                   56 	.dw #0x0004
      000002 00                      57 	.db #0x00	; 0
      000003 00                      58 	.db #0x00	; 0
      000004 00                      59 	.db #0x00	; 0
      000005 00                      60 	.db #0x00	; 0
      000006 FC                      61 	.db #0xfc	; 252
      000007 FC                      62 	.db #0xfc	; 252
      000008 02                      63 	.db #0x02	; 2
      000009 FE                      64 	.db #0xfe	; 254
      00000A FA                      65 	.db #0xfa	; 250
      00000B 06                      66 	.db #0x06	; 6
      00000C FA                      67 	.db #0xfa	; 250
      00000D D6                      68 	.db #0xd6	; 214
      00000E FA                      69 	.db #0xfa	; 250
      00000F B6                      70 	.db #0xb6	; 182
      000010 FA                      71 	.db #0xfa	; 250
      000011 56                      72 	.db #0x56	; 86	'V'
      000012 FA                      73 	.db #0xfa	; 250
      000013 06                      74 	.db #0x06	; 6
      000014 02                      75 	.db #0x02	; 2
      000015 FE                      76 	.db #0xfe	; 254
      000016 FC                      77 	.db #0xfc	; 252
      000017 FC                      78 	.db #0xfc	; 252
      000018 40                      79 	.db #0x40	; 64
      000019 C0                      80 	.db #0xc0	; 192
      00001A C0                      81 	.db #0xc0	; 192
      00001B 40                      82 	.db #0x40	; 64
      00001C C0                      83 	.db #0xc0	; 192
      00001D 40                      84 	.db #0x40	; 64
      00001E C0                      85 	.db #0xc0	; 192
      00001F 40                      86 	.db #0x40	; 64
      000020 C0                      87 	.db #0xc0	; 192
      000021 C0                      88 	.db #0xc0	; 192
      000022 00                      89 	.db #0x00	; 0
      000023 00                      90 	.db #0x00	; 0
      000024 00                      91 	.db #0x00	; 0
      000025 00                      92 	.db #0x00	; 0
      000026 3F                      93 	.db #0x3f	; 63
      000027 3F                      94 	.db #0x3f	; 63
      000028 40                      95 	.db #0x40	; 64
      000029 7F                      96 	.db #0x7f	; 127
      00002A 5F                      97 	.db #0x5f	; 95
      00002B 60                      98 	.db #0x60	; 96
      00002C 5F                      99 	.db #0x5f	; 95
      00002D 6E                     100 	.db #0x6e	; 110	'n'
      00002E 5F                     101 	.db #0x5f	; 95
      00002F 6A                     102 	.db #0x6a	; 106	'j'
      000030 5F                     103 	.db #0x5f	; 95
      000031 6D                     104 	.db #0x6d	; 109	'm'
      000032 5F                     105 	.db #0x5f	; 95
      000033 60                     106 	.db #0x60	; 96
      000034 40                     107 	.db #0x40	; 64
      000035 7F                     108 	.db #0x7f	; 127
      000036 3F                     109 	.db #0x3f	; 63
      000037 3F                     110 	.db #0x3f	; 63
      000038 02                     111 	.db #0x02	; 2
      000039 03                     112 	.db #0x03	; 3
      00003A 02                     113 	.db #0x02	; 2
      00003B 03                     114 	.db #0x03	; 3
      00003C 02                     115 	.db #0x02	; 2
      00003D 03                     116 	.db #0x03	; 3
      00003E 02                     117 	.db #0x02	; 2
      00003F 03                     118 	.db #0x03	; 3
      000040 03                     119 	.db #0x03	; 3
      000041 03                     120 	.db #0x03	; 3
                                    121 	.area _INITIALIZER
                                    122 	.area _CABS (ABS)
