                                      1 ;--------------------------------------------------------
                                      2 ; File Created by SDCC : free open source ANSI-C Compiler
                                      3 ; Version 4.1.6 #12539 (Mac OS X x86_64)
                                      4 ;--------------------------------------------------------
                                      5 	.module tileset_2
                                      6 	.optsdcc -mgbz80
                                      7 	
                                      8 ;--------------------------------------------------------
                                      9 ; Public variables in this module
                                     10 ;--------------------------------------------------------
                                     11 	.globl _tileset_2
                                     12 	.globl b___func_tileset_2
                                     13 	.globl ___func_tileset_2
                                     14 ;--------------------------------------------------------
                                     15 ; special function registers
                                     16 ;--------------------------------------------------------
                                     17 ;--------------------------------------------------------
                                     18 ; ram data
                                     19 ;--------------------------------------------------------
                                     20 	.area _DATA
                                     21 ;--------------------------------------------------------
                                     22 ; ram data
                                     23 ;--------------------------------------------------------
                                     24 	.area _INITIALIZED
                                     25 ;--------------------------------------------------------
                                     26 ; absolute external ram data
                                     27 ;--------------------------------------------------------
                                     28 	.area _DABS (ABS)
                                     29 ;--------------------------------------------------------
                                     30 ; global & static initialisations
                                     31 ;--------------------------------------------------------
                                     32 	.area _HOME
                                     33 	.area _GSINIT
                                     34 	.area _GSFINAL
                                     35 	.area _GSINIT
                                     36 ;--------------------------------------------------------
                                     37 ; Home
                                     38 ;--------------------------------------------------------
                                     39 	.area _HOME
                                     40 	.area _HOME
                                     41 ;--------------------------------------------------------
                                     42 ; code
                                     43 ;--------------------------------------------------------
                                     44 	.area _CODE_255
                                     45 ;data/src/data/tileset_2.c:7: BANKREF(tileset_2)
                                     46 ;	---------------------------------
                                     47 ; Function __func_tileset_2
                                     48 ; ---------------------------------
                           0000FF    49 	b___func_tileset_2	= 255
      000000                         50 ___func_tileset_2::
                                     51 	.local b___func_tileset_2 
                           0000FF    52 	___bank_tileset_2 = b___func_tileset_2 
                                     53 	.globl ___bank_tileset_2 
                                     54 	.area _CODE_255
      000000                         55 _tileset_2:
      000000 0A 00                   56 	.dw #0x000a
      000002 00                      57 	.db #0x00	; 0
      000003 00                      58 	.db #0x00	; 0
      000004 00                      59 	.db #0x00	; 0
      000005 00                      60 	.db #0x00	; 0
      000006 E0                      61 	.db #0xe0	; 224
      000007 E0                      62 	.db #0xe0	; 224
      000008 B0                      63 	.db #0xb0	; 176
      000009 F0                      64 	.db #0xf0	; 240
      00000A 98                      65 	.db #0x98	; 152
      00000B F8                      66 	.db #0xf8	; 248
      00000C 8C                      67 	.db #0x8c	; 140
      00000D FC                      68 	.db #0xfc	; 252
      00000E 86                      69 	.db #0x86	; 134
      00000F 7E                      70 	.db #0x7e	; 126
      000010 82                      71 	.db #0x82	; 130
      000011 7E                      72 	.db #0x7e	; 126
      000012 82                      73 	.db #0x82	; 130
      000013 7E                      74 	.db #0x7e	; 126
      000014 86                      75 	.db #0x86	; 134
      000015 7E                      76 	.db #0x7e	; 126
      000016 AC                      77 	.db #0xac	; 172
      000017 FC                      78 	.db #0xfc	; 252
      000018 98                      79 	.db #0x98	; 152
      000019 F8                      80 	.db #0xf8	; 248
      00001A B0                      81 	.db #0xb0	; 176
      00001B F0                      82 	.db #0xf0	; 240
      00001C E0                      83 	.db #0xe0	; 224
      00001D E0                      84 	.db #0xe0	; 224
      00001E 00                      85 	.db #0x00	; 0
      00001F 00                      86 	.db #0x00	; 0
      000020 00                      87 	.db #0x00	; 0
      000021 00                      88 	.db #0x00	; 0
      000022 00                      89 	.db #0x00	; 0
      000023 00                      90 	.db #0x00	; 0
      000024 00                      91 	.db #0x00	; 0
      000025 00                      92 	.db #0x00	; 0
      000026 00                      93 	.db #0x00	; 0
      000027 00                      94 	.db #0x00	; 0
      000028 00                      95 	.db #0x00	; 0
      000029 00                      96 	.db #0x00	; 0
      00002A 00                      97 	.db #0x00	; 0
      00002B 00                      98 	.db #0x00	; 0
      00002C 7F                      99 	.db #0x7f	; 127
      00002D 7F                     100 	.db #0x7f	; 127
      00002E 7F                     101 	.db #0x7f	; 127
      00002F 40                     102 	.db #0x40	; 64
      000030 7F                     103 	.db #0x7f	; 127
      000031 40                     104 	.db #0x40	; 64
      000032 7F                     105 	.db #0x7f	; 127
      000033 40                     106 	.db #0x40	; 64
      000034 7F                     107 	.db #0x7f	; 127
      000035 40                     108 	.db #0x40	; 64
      000036 7F                     109 	.db #0x7f	; 127
      000037 7F                     110 	.db #0x7f	; 127
      000038 00                     111 	.db #0x00	; 0
      000039 00                     112 	.db #0x00	; 0
      00003A 00                     113 	.db #0x00	; 0
      00003B 00                     114 	.db #0x00	; 0
      00003C 00                     115 	.db #0x00	; 0
      00003D 00                     116 	.db #0x00	; 0
      00003E 00                     117 	.db #0x00	; 0
      00003F 00                     118 	.db #0x00	; 0
      000040 00                     119 	.db #0x00	; 0
      000041 00                     120 	.db #0x00	; 0
      000042 00                     121 	.db #0x00	; 0
      000043 00                     122 	.db #0x00	; 0
      000044 C0                     123 	.db #0xc0	; 192
      000045 C0                     124 	.db #0xc0	; 192
      000046 60                     125 	.db #0x60	; 96
      000047 E0                     126 	.db #0xe0	; 224
      000048 30                     127 	.db #0x30	; 48	'0'
      000049 F0                     128 	.db #0xf0	; 240
      00004A 18                     129 	.db #0x18	; 24
      00004B F8                     130 	.db #0xf8	; 248
      00004C 0C                     131 	.db #0x0c	; 12
      00004D FC                     132 	.db #0xfc	; 252
      00004E 04                     133 	.db #0x04	; 4
      00004F FC                     134 	.db #0xfc	; 252
      000050 FC                     135 	.db #0xfc	; 252
      000051 3C                     136 	.db #0x3c	; 60
      000052 E0                     137 	.db #0xe0	; 224
      000053 20                     138 	.db #0x20	; 32
      000054 E0                     139 	.db #0xe0	; 224
      000055 20                     140 	.db #0x20	; 32
      000056 E0                     141 	.db #0xe0	; 224
      000057 20                     142 	.db #0x20	; 32
      000058 E0                     143 	.db #0xe0	; 224
      000059 20                     144 	.db #0x20	; 32
      00005A E0                     145 	.db #0xe0	; 224
      00005B 20                     146 	.db #0x20	; 32
      00005C E0                     147 	.db #0xe0	; 224
      00005D 20                     148 	.db #0x20	; 32
      00005E E0                     149 	.db #0xe0	; 224
      00005F E0                     150 	.db #0xe0	; 224
      000060 00                     151 	.db #0x00	; 0
      000061 00                     152 	.db #0x00	; 0
      000062 00                     153 	.db #0x00	; 0
      000063 00                     154 	.db #0x00	; 0
      000064 03                     155 	.db #0x03	; 3
      000065 03                     156 	.db #0x03	; 3
      000066 06                     157 	.db #0x06	; 6
      000067 07                     158 	.db #0x07	; 7
      000068 0C                     159 	.db #0x0c	; 12
      000069 0F                     160 	.db #0x0f	; 15
      00006A 18                     161 	.db #0x18	; 24
      00006B 1F                     162 	.db #0x1f	; 31
      00006C 30                     163 	.db #0x30	; 48	'0'
      00006D 3F                     164 	.db #0x3f	; 63
      00006E 21                     165 	.db #0x21	; 33
      00006F 3F                     166 	.db #0x3f	; 63
      000070 3F                     167 	.db #0x3f	; 63
      000071 3C                     168 	.db #0x3c	; 60
      000072 07                     169 	.db #0x07	; 7
      000073 04                     170 	.db #0x04	; 4
      000074 07                     171 	.db #0x07	; 7
      000075 04                     172 	.db #0x04	; 4
      000076 07                     173 	.db #0x07	; 7
      000077 04                     174 	.db #0x04	; 4
      000078 07                     175 	.db #0x07	; 7
      000079 04                     176 	.db #0x04	; 4
      00007A 07                     177 	.db #0x07	; 7
      00007B 04                     178 	.db #0x04	; 4
      00007C 07                     179 	.db #0x07	; 7
      00007D 04                     180 	.db #0x04	; 4
      00007E 07                     181 	.db #0x07	; 7
      00007F 07                     182 	.db #0x07	; 7
      000080 00                     183 	.db #0x00	; 0
      000081 00                     184 	.db #0x00	; 0
      000082 00                     185 	.db #0x00	; 0
      000083 00                     186 	.db #0x00	; 0
      000084 E0                     187 	.db #0xe0	; 224
      000085 E0                     188 	.db #0xe0	; 224
      000086 E0                     189 	.db #0xe0	; 224
      000087 20                     190 	.db #0x20	; 32
      000088 E0                     191 	.db #0xe0	; 224
      000089 20                     192 	.db #0x20	; 32
      00008A E0                     193 	.db #0xe0	; 224
      00008B 20                     194 	.db #0x20	; 32
      00008C E0                     195 	.db #0xe0	; 224
      00008D 20                     196 	.db #0x20	; 32
      00008E E0                     197 	.db #0xe0	; 224
      00008F 20                     198 	.db #0x20	; 32
      000090 E0                     199 	.db #0xe0	; 224
      000091 20                     200 	.db #0x20	; 32
      000092 FC                     201 	.db #0xfc	; 252
      000093 3C                     202 	.db #0x3c	; 60
      000094 04                     203 	.db #0x04	; 4
      000095 FC                     204 	.db #0xfc	; 252
      000096 0C                     205 	.db #0x0c	; 12
      000097 FC                     206 	.db #0xfc	; 252
      000098 18                     207 	.db #0x18	; 24
      000099 F8                     208 	.db #0xf8	; 248
      00009A 30                     209 	.db #0x30	; 48	'0'
      00009B F0                     210 	.db #0xf0	; 240
      00009C E0                     211 	.db #0xe0	; 224
      00009D E0                     212 	.db #0xe0	; 224
      00009E C0                     213 	.db #0xc0	; 192
      00009F C0                     214 	.db #0xc0	; 192
      0000A0 00                     215 	.db #0x00	; 0
      0000A1 00                     216 	.db #0x00	; 0
                                    217 	.area _INITIALIZER
                                    218 	.area _CABS (ABS)
