                                      1 ;--------------------------------------------------------
                                      2 ; File Created by SDCC : free open source ANSI-C Compiler
                                      3 ; Version 4.1.6 #12539 (Mac OS X x86_64)
                                      4 ;--------------------------------------------------------
                                      5 	.module tileset_1
                                      6 	.optsdcc -mgbz80
                                      7 	
                                      8 ;--------------------------------------------------------
                                      9 ; Public variables in this module
                                     10 ;--------------------------------------------------------
                                     11 	.globl _tileset_1
                                     12 	.globl b___func_tileset_1
                                     13 	.globl ___func_tileset_1
                                     14 ;--------------------------------------------------------
                                     15 ; special function registers
                                     16 ;--------------------------------------------------------
                                     17 ;--------------------------------------------------------
                                     18 ; ram data
                                     19 ;--------------------------------------------------------
                                     20 	.area _DATA
                                     21 ;--------------------------------------------------------
                                     22 ; ram data
                                     23 ;--------------------------------------------------------
                                     24 	.area _INITIALIZED
                                     25 ;--------------------------------------------------------
                                     26 ; absolute external ram data
                                     27 ;--------------------------------------------------------
                                     28 	.area _DABS (ABS)
                                     29 ;--------------------------------------------------------
                                     30 ; global & static initialisations
                                     31 ;--------------------------------------------------------
                                     32 	.area _HOME
                                     33 	.area _GSINIT
                                     34 	.area _GSFINAL
                                     35 	.area _GSINIT
                                     36 ;--------------------------------------------------------
                                     37 ; Home
                                     38 ;--------------------------------------------------------
                                     39 	.area _HOME
                                     40 	.area _HOME
                                     41 ;--------------------------------------------------------
                                     42 ; code
                                     43 ;--------------------------------------------------------
                                     44 	.area _CODE_255
                                     45 ;data/src/data/tileset_1.c:7: BANKREF(tileset_1)
                                     46 ;	---------------------------------
                                     47 ; Function __func_tileset_1
                                     48 ; ---------------------------------
                           0000FF    49 	b___func_tileset_1	= 255
      000000                         50 ___func_tileset_1::
                                     51 	.local b___func_tileset_1 
                           0000FF    52 	___bank_tileset_1 = b___func_tileset_1 
                                     53 	.globl ___bank_tileset_1 
                                     54 	.area _CODE_255
      000000                         55 _tileset_1:
      000000 14 00                   56 	.dw #0x0014
      000002 00                      57 	.db #0x00	; 0
      000003 00                      58 	.db #0x00	; 0
      000004 00                      59 	.db #0x00	; 0
      000005 00                      60 	.db #0x00	; 0
      000006 E0                      61 	.db #0xe0	; 224
      000007 E0                      62 	.db #0xe0	; 224
      000008 F0                      63 	.db #0xf0	; 240
      000009 B0                      64 	.db #0xb0	; 176
      00000A F8                      65 	.db #0xf8	; 248
      00000B 98                      66 	.db #0x98	; 152
      00000C FC                      67 	.db #0xfc	; 252
      00000D 8C                      68 	.db #0x8c	; 140
      00000E FE                      69 	.db #0xfe	; 254
      00000F 06                      70 	.db #0x06	; 6
      000010 FE                      71 	.db #0xfe	; 254
      000011 02                      72 	.db #0x02	; 2
      000012 FE                      73 	.db #0xfe	; 254
      000013 02                      74 	.db #0x02	; 2
      000014 06                      75 	.db #0x06	; 6
      000015 FE                      76 	.db #0xfe	; 254
      000016 8C                      77 	.db #0x8c	; 140
      000017 FC                      78 	.db #0xfc	; 252
      000018 98                      79 	.db #0x98	; 152
      000019 F8                      80 	.db #0xf8	; 248
      00001A B0                      81 	.db #0xb0	; 176
      00001B F0                      82 	.db #0xf0	; 240
      00001C E0                      83 	.db #0xe0	; 224
      00001D E0                      84 	.db #0xe0	; 224
      00001E 00                      85 	.db #0x00	; 0
      00001F 00                      86 	.db #0x00	; 0
      000020 00                      87 	.db #0x00	; 0
      000021 00                      88 	.db #0x00	; 0
      000022 00                      89 	.db #0x00	; 0
      000023 00                      90 	.db #0x00	; 0
      000024 00                      91 	.db #0x00	; 0
      000025 00                      92 	.db #0x00	; 0
      000026 00                      93 	.db #0x00	; 0
      000027 00                      94 	.db #0x00	; 0
      000028 00                      95 	.db #0x00	; 0
      000029 00                      96 	.db #0x00	; 0
      00002A 00                      97 	.db #0x00	; 0
      00002B 00                      98 	.db #0x00	; 0
      00002C 7F                      99 	.db #0x7f	; 127
      00002D 7F                     100 	.db #0x7f	; 127
      00002E 7F                     101 	.db #0x7f	; 127
      00002F 40                     102 	.db #0x40	; 64
      000030 7F                     103 	.db #0x7f	; 127
      000031 40                     104 	.db #0x40	; 64
      000032 7F                     105 	.db #0x7f	; 127
      000033 40                     106 	.db #0x40	; 64
      000034 40                     107 	.db #0x40	; 64
      000035 7F                     108 	.db #0x7f	; 127
      000036 7F                     109 	.db #0x7f	; 127
      000037 7F                     110 	.db #0x7f	; 127
      000038 00                     111 	.db #0x00	; 0
      000039 00                     112 	.db #0x00	; 0
      00003A 00                     113 	.db #0x00	; 0
      00003B 00                     114 	.db #0x00	; 0
      00003C 00                     115 	.db #0x00	; 0
      00003D 00                     116 	.db #0x00	; 0
      00003E 00                     117 	.db #0x00	; 0
      00003F 00                     118 	.db #0x00	; 0
      000040 00                     119 	.db #0x00	; 0
      000041 00                     120 	.db #0x00	; 0
      000042 00                     121 	.db #0x00	; 0
      000043 00                     122 	.db #0x00	; 0
      000044 C0                     123 	.db #0xc0	; 192
      000045 C0                     124 	.db #0xc0	; 192
      000046 E0                     125 	.db #0xe0	; 224
      000047 60                     126 	.db #0x60	; 96
      000048 F0                     127 	.db #0xf0	; 240
      000049 30                     128 	.db #0x30	; 48	'0'
      00004A F8                     129 	.db #0xf8	; 248
      00004B 18                     130 	.db #0x18	; 24
      00004C FC                     131 	.db #0xfc	; 252
      00004D 0C                     132 	.db #0x0c	; 12
      00004E FC                     133 	.db #0xfc	; 252
      00004F 04                     134 	.db #0x04	; 4
      000050 FC                     135 	.db #0xfc	; 252
      000051 3C                     136 	.db #0x3c	; 60
      000052 E0                     137 	.db #0xe0	; 224
      000053 20                     138 	.db #0x20	; 32
      000054 20                     139 	.db #0x20	; 32
      000055 E0                     140 	.db #0xe0	; 224
      000056 20                     141 	.db #0x20	; 32
      000057 E0                     142 	.db #0xe0	; 224
      000058 20                     143 	.db #0x20	; 32
      000059 E0                     144 	.db #0xe0	; 224
      00005A 20                     145 	.db #0x20	; 32
      00005B E0                     146 	.db #0xe0	; 224
      00005C 20                     147 	.db #0x20	; 32
      00005D E0                     148 	.db #0xe0	; 224
      00005E E0                     149 	.db #0xe0	; 224
      00005F E0                     150 	.db #0xe0	; 224
      000060 00                     151 	.db #0x00	; 0
      000061 00                     152 	.db #0x00	; 0
      000062 00                     153 	.db #0x00	; 0
      000063 00                     154 	.db #0x00	; 0
      000064 E0                     155 	.db #0xe0	; 224
      000065 E0                     156 	.db #0xe0	; 224
      000066 E0                     157 	.db #0xe0	; 224
      000067 20                     158 	.db #0x20	; 32
      000068 E0                     159 	.db #0xe0	; 224
      000069 20                     160 	.db #0x20	; 32
      00006A E0                     161 	.db #0xe0	; 224
      00006B 20                     162 	.db #0x20	; 32
      00006C E0                     163 	.db #0xe0	; 224
      00006D 20                     164 	.db #0x20	; 32
      00006E E0                     165 	.db #0xe0	; 224
      00006F 20                     166 	.db #0x20	; 32
      000070 E0                     167 	.db #0xe0	; 224
      000071 20                     168 	.db #0x20	; 32
      000072 FC                     169 	.db #0xfc	; 252
      000073 3C                     170 	.db #0x3c	; 60
      000074 04                     171 	.db #0x04	; 4
      000075 FC                     172 	.db #0xfc	; 252
      000076 0C                     173 	.db #0x0c	; 12
      000077 FC                     174 	.db #0xfc	; 252
      000078 18                     175 	.db #0x18	; 24
      000079 F8                     176 	.db #0xf8	; 248
      00007A 30                     177 	.db #0x30	; 48	'0'
      00007B F0                     178 	.db #0xf0	; 240
      00007C E0                     179 	.db #0xe0	; 224
      00007D E0                     180 	.db #0xe0	; 224
      00007E C0                     181 	.db #0xc0	; 192
      00007F C0                     182 	.db #0xc0	; 192
      000080 00                     183 	.db #0x00	; 0
      000081 00                     184 	.db #0x00	; 0
      000082 00                     185 	.db #0x00	; 0
      000083 00                     186 	.db #0x00	; 0
      000084 07                     187 	.db #0x07	; 7
      000085 07                     188 	.db #0x07	; 7
      000086 07                     189 	.db #0x07	; 7
      000087 04                     190 	.db #0x04	; 4
      000088 07                     191 	.db #0x07	; 7
      000089 04                     192 	.db #0x04	; 4
      00008A 07                     193 	.db #0x07	; 7
      00008B 04                     194 	.db #0x04	; 4
      00008C 07                     195 	.db #0x07	; 7
      00008D 04                     196 	.db #0x04	; 4
      00008E 07                     197 	.db #0x07	; 7
      00008F 04                     198 	.db #0x04	; 4
      000090 07                     199 	.db #0x07	; 7
      000091 04                     200 	.db #0x04	; 4
      000092 3F                     201 	.db #0x3f	; 63
      000093 3C                     202 	.db #0x3c	; 60
      000094 20                     203 	.db #0x20	; 32
      000095 3F                     204 	.db #0x3f	; 63
      000096 30                     205 	.db #0x30	; 48	'0'
      000097 3F                     206 	.db #0x3f	; 63
      000098 18                     207 	.db #0x18	; 24
      000099 1F                     208 	.db #0x1f	; 31
      00009A 0C                     209 	.db #0x0c	; 12
      00009B 0F                     210 	.db #0x0f	; 15
      00009C 06                     211 	.db #0x06	; 6
      00009D 07                     212 	.db #0x07	; 7
      00009E 03                     213 	.db #0x03	; 3
      00009F 03                     214 	.db #0x03	; 3
      0000A0 00                     215 	.db #0x00	; 0
      0000A1 00                     216 	.db #0x00	; 0
      0000A2 00                     217 	.db #0x00	; 0
      0000A3 00                     218 	.db #0x00	; 0
      0000A4 00                     219 	.db #0x00	; 0
      0000A5 00                     220 	.db #0x00	; 0
      0000A6 70                     221 	.db #0x70	; 112	'p'
      0000A7 70                     222 	.db #0x70	; 112	'p'
      0000A8 78                     223 	.db #0x78	; 120	'x'
      0000A9 58                     224 	.db #0x58	; 88	'X'
      0000AA 7C                     225 	.db #0x7c	; 124
      0000AB 4C                     226 	.db #0x4c	; 76	'L'
      0000AC FE                     227 	.db #0xfe	; 254
      0000AD C6                     228 	.db #0xc6	; 198
      0000AE FF                     229 	.db #0xff	; 255
      0000AF 03                     230 	.db #0x03	; 3
      0000B0 FF                     231 	.db #0xff	; 255
      0000B1 01                     232 	.db #0x01	; 1
      0000B2 FF                     233 	.db #0xff	; 255
      0000B3 01                     234 	.db #0x01	; 1
      0000B4 03                     235 	.db #0x03	; 3
      0000B5 FF                     236 	.db #0xff	; 255
      0000B6 C6                     237 	.db #0xc6	; 198
      0000B7 FE                     238 	.db #0xfe	; 254
      0000B8 4C                     239 	.db #0x4c	; 76	'L'
      0000B9 7C                     240 	.db #0x7c	; 124
      0000BA 58                     241 	.db #0x58	; 88	'X'
      0000BB 78                     242 	.db #0x78	; 120	'x'
      0000BC 70                     243 	.db #0x70	; 112	'p'
      0000BD 70                     244 	.db #0x70	; 112	'p'
      0000BE 00                     245 	.db #0x00	; 0
      0000BF 00                     246 	.db #0x00	; 0
      0000C0 00                     247 	.db #0x00	; 0
      0000C1 00                     248 	.db #0x00	; 0
      0000C2 00                     249 	.db #0x00	; 0
      0000C3 00                     250 	.db #0x00	; 0
      0000C4 00                     251 	.db #0x00	; 0
      0000C5 00                     252 	.db #0x00	; 0
      0000C6 00                     253 	.db #0x00	; 0
      0000C7 00                     254 	.db #0x00	; 0
      0000C8 00                     255 	.db #0x00	; 0
      0000C9 00                     256 	.db #0x00	; 0
      0000CA 00                     257 	.db #0x00	; 0
      0000CB 00                     258 	.db #0x00	; 0
      0000CC 3F                     259 	.db #0x3f	; 63
      0000CD 3F                     260 	.db #0x3f	; 63
      0000CE 3F                     261 	.db #0x3f	; 63
      0000CF 20                     262 	.db #0x20	; 32
      0000D0 3F                     263 	.db #0x3f	; 63
      0000D1 20                     264 	.db #0x20	; 32
      0000D2 3F                     265 	.db #0x3f	; 63
      0000D3 20                     266 	.db #0x20	; 32
      0000D4 20                     267 	.db #0x20	; 32
      0000D5 3F                     268 	.db #0x3f	; 63
      0000D6 3F                     269 	.db #0x3f	; 63
      0000D7 3F                     270 	.db #0x3f	; 63
      0000D8 00                     271 	.db #0x00	; 0
      0000D9 00                     272 	.db #0x00	; 0
      0000DA 00                     273 	.db #0x00	; 0
      0000DB 00                     274 	.db #0x00	; 0
      0000DC 00                     275 	.db #0x00	; 0
      0000DD 00                     276 	.db #0x00	; 0
      0000DE 00                     277 	.db #0x00	; 0
      0000DF 00                     278 	.db #0x00	; 0
      0000E0 00                     279 	.db #0x00	; 0
      0000E1 00                     280 	.db #0x00	; 0
      0000E2 C0                     281 	.db #0xc0	; 192
      0000E3 C0                     282 	.db #0xc0	; 192
      0000E4 E0                     283 	.db #0xe0	; 224
      0000E5 60                     284 	.db #0x60	; 96
      0000E6 F0                     285 	.db #0xf0	; 240
      0000E7 30                     286 	.db #0x30	; 48	'0'
      0000E8 F8                     287 	.db #0xf8	; 248
      0000E9 18                     288 	.db #0x18	; 24
      0000EA FC                     289 	.db #0xfc	; 252
      0000EB 0C                     290 	.db #0x0c	; 12
      0000EC FC                     291 	.db #0xfc	; 252
      0000ED 04                     292 	.db #0x04	; 4
      0000EE FC                     293 	.db #0xfc	; 252
      0000EF 3C                     294 	.db #0x3c	; 60
      0000F0 E0                     295 	.db #0xe0	; 224
      0000F1 20                     296 	.db #0x20	; 32
      0000F2 20                     297 	.db #0x20	; 32
      0000F3 E0                     298 	.db #0xe0	; 224
      0000F4 20                     299 	.db #0x20	; 32
      0000F5 E0                     300 	.db #0xe0	; 224
      0000F6 20                     301 	.db #0x20	; 32
      0000F7 E0                     302 	.db #0xe0	; 224
      0000F8 20                     303 	.db #0x20	; 32
      0000F9 E0                     304 	.db #0xe0	; 224
      0000FA 20                     305 	.db #0x20	; 32
      0000FB E0                     306 	.db #0xe0	; 224
      0000FC E0                     307 	.db #0xe0	; 224
      0000FD E0                     308 	.db #0xe0	; 224
      0000FE 00                     309 	.db #0x00	; 0
      0000FF 00                     310 	.db #0x00	; 0
      000100 00                     311 	.db #0x00	; 0
      000101 00                     312 	.db #0x00	; 0
      000102 00                     313 	.db #0x00	; 0
      000103 00                     314 	.db #0x00	; 0
      000104 00                     315 	.db #0x00	; 0
      000105 00                     316 	.db #0x00	; 0
      000106 E0                     317 	.db #0xe0	; 224
      000107 E0                     318 	.db #0xe0	; 224
      000108 E0                     319 	.db #0xe0	; 224
      000109 20                     320 	.db #0x20	; 32
      00010A E0                     321 	.db #0xe0	; 224
      00010B 20                     322 	.db #0x20	; 32
      00010C E0                     323 	.db #0xe0	; 224
      00010D 20                     324 	.db #0x20	; 32
      00010E E0                     325 	.db #0xe0	; 224
      00010F 20                     326 	.db #0x20	; 32
      000110 E0                     327 	.db #0xe0	; 224
      000111 20                     328 	.db #0x20	; 32
      000112 E0                     329 	.db #0xe0	; 224
      000113 20                     330 	.db #0x20	; 32
      000114 FC                     331 	.db #0xfc	; 252
      000115 3C                     332 	.db #0x3c	; 60
      000116 04                     333 	.db #0x04	; 4
      000117 FC                     334 	.db #0xfc	; 252
      000118 0C                     335 	.db #0x0c	; 12
      000119 FC                     336 	.db #0xfc	; 252
      00011A 18                     337 	.db #0x18	; 24
      00011B F8                     338 	.db #0xf8	; 248
      00011C 30                     339 	.db #0x30	; 48	'0'
      00011D F0                     340 	.db #0xf0	; 240
      00011E 60                     341 	.db #0x60	; 96
      00011F E0                     342 	.db #0xe0	; 224
      000120 C0                     343 	.db #0xc0	; 192
      000121 C0                     344 	.db #0xc0	; 192
      000122 00                     345 	.db #0x00	; 0
      000123 00                     346 	.db #0x00	; 0
      000124 00                     347 	.db #0x00	; 0
      000125 00                     348 	.db #0x00	; 0
      000126 07                     349 	.db #0x07	; 7
      000127 07                     350 	.db #0x07	; 7
      000128 07                     351 	.db #0x07	; 7
      000129 04                     352 	.db #0x04	; 4
      00012A 07                     353 	.db #0x07	; 7
      00012B 04                     354 	.db #0x04	; 4
      00012C 07                     355 	.db #0x07	; 7
      00012D 04                     356 	.db #0x04	; 4
      00012E 07                     357 	.db #0x07	; 7
      00012F 04                     358 	.db #0x04	; 4
      000130 07                     359 	.db #0x07	; 7
      000131 04                     360 	.db #0x04	; 4
      000132 07                     361 	.db #0x07	; 7
      000133 04                     362 	.db #0x04	; 4
      000134 3F                     363 	.db #0x3f	; 63
      000135 3C                     364 	.db #0x3c	; 60
      000136 20                     365 	.db #0x20	; 32
      000137 3F                     366 	.db #0x3f	; 63
      000138 30                     367 	.db #0x30	; 48	'0'
      000139 3F                     368 	.db #0x3f	; 63
      00013A 18                     369 	.db #0x18	; 24
      00013B 1F                     370 	.db #0x1f	; 31
      00013C 0C                     371 	.db #0x0c	; 12
      00013D 0F                     372 	.db #0x0f	; 15
      00013E 07                     373 	.db #0x07	; 7
      00013F 07                     374 	.db #0x07	; 7
      000140 03                     375 	.db #0x03	; 3
      000141 03                     376 	.db #0x03	; 3
                                    377 	.area _INITIALIZER
                                    378 	.area _CABS (ABS)
