                                      1 ;--------------------------------------------------------
                                      2 ; File Created by SDCC : free open source ANSI-C Compiler
                                      3 ; Version 4.1.6 #12539 (Mac OS X x86_64)
                                      4 ;--------------------------------------------------------
                                      5 	.module tileset_0
                                      6 	.optsdcc -mgbz80
                                      7 	
                                      8 ;--------------------------------------------------------
                                      9 ; Public variables in this module
                                     10 ;--------------------------------------------------------
                                     11 	.globl _tileset_0
                                     12 	.globl b___func_tileset_0
                                     13 	.globl ___func_tileset_0
                                     14 ;--------------------------------------------------------
                                     15 ; special function registers
                                     16 ;--------------------------------------------------------
                                     17 ;--------------------------------------------------------
                                     18 ; ram data
                                     19 ;--------------------------------------------------------
                                     20 	.area _DATA
                                     21 ;--------------------------------------------------------
                                     22 ; ram data
                                     23 ;--------------------------------------------------------
                                     24 	.area _INITIALIZED
                                     25 ;--------------------------------------------------------
                                     26 ; absolute external ram data
                                     27 ;--------------------------------------------------------
                                     28 	.area _DABS (ABS)
                                     29 ;--------------------------------------------------------
                                     30 ; global & static initialisations
                                     31 ;--------------------------------------------------------
                                     32 	.area _HOME
                                     33 	.area _GSINIT
                                     34 	.area _GSFINAL
                                     35 	.area _GSINIT
                                     36 ;--------------------------------------------------------
                                     37 ; Home
                                     38 ;--------------------------------------------------------
                                     39 	.area _HOME
                                     40 	.area _HOME
                                     41 ;--------------------------------------------------------
                                     42 ; code
                                     43 ;--------------------------------------------------------
                                     44 	.area _CODE_255
                                     45 ;data/src/data/tileset_0.c:7: BANKREF(tileset_0)
                                     46 ;	---------------------------------
                                     47 ; Function __func_tileset_0
                                     48 ; ---------------------------------
                           0000FF    49 	b___func_tileset_0	= 255
      000000                         50 ___func_tileset_0::
                                     51 	.local b___func_tileset_0 
                           0000FF    52 	___bank_tileset_0 = b___func_tileset_0 
                                     53 	.globl ___bank_tileset_0 
                                     54 	.area _CODE_255
      000000                         55 _tileset_0:
      000000 01 00                   56 	.dw #0x0001
      000002 00                      57 	.db #0x00	; 0
      000003 00                      58 	.db #0x00	; 0
      000004 00                      59 	.db #0x00	; 0
      000005 00                      60 	.db #0x00	; 0
      000006 00                      61 	.db #0x00	; 0
      000007 00                      62 	.db #0x00	; 0
      000008 00                      63 	.db #0x00	; 0
      000009 00                      64 	.db #0x00	; 0
      00000A 00                      65 	.db #0x00	; 0
      00000B 00                      66 	.db #0x00	; 0
      00000C 00                      67 	.db #0x00	; 0
      00000D 00                      68 	.db #0x00	; 0
      00000E 00                      69 	.db #0x00	; 0
      00000F 00                      70 	.db #0x00	; 0
      000010 00                      71 	.db #0x00	; 0
      000011 00                      72 	.db #0x00	; 0
                                     73 	.area _INITIALIZER
                                     74 	.area _CABS (ABS)
